<?xml version="1.0" encoding="UTF-8" ?>
<testsuite failures="0" time="0.314" errors="0" skipped="0" tests="1" name="gbc.jtimecalc.SimpleTest">
  <properties>
    <property name="java.runtime.name" value="Java(TM) SE Runtime Environment"/>
    <property name="sun.boot.library.path" value="/home/deer/jdk1.6.0_17/jre/lib/amd64"/>
    <property name="java.vm.version" value="14.3-b01"/>
    <property name="java.vm.vendor" value="Sun Microsystems Inc."/>
    <property name="java.vendor.url" value="http://java.sun.com/"/>
    <property name="path.separator" value=":"/>
    <property name="java.vm.name" value="Java HotSpot(TM) 64-Bit Server VM"/>
    <property name="file.encoding.pkg" value="sun.io"/>
    <property name="user.country" value="PL"/>
    <property name="sun.java.launcher" value="SUN_STANDARD"/>
    <property name="sun.os.patch.level" value="unknown"/>
    <property name="java.vm.specification.name" value="Java Virtual Machine Specification"/>
    <property name="user.dir" value="/home/deer/workspace-sts/jtimecalc"/>
    <property name="java.runtime.version" value="1.6.0_17-b04"/>
    <property name="java.awt.graphicsenv" value="sun.awt.X11GraphicsEnvironment"/>
    <property name="basedir" value="/home/deer/workspace-sts/jtimecalc"/>
    <property name="java.endorsed.dirs" value="/home/deer/jdk1.6.0_17/jre/lib/endorsed"/>
    <property name="os.arch" value="amd64"/>
    <property name="surefire.real.class.path" value="/tmp/surefirebooter6735144702106030362.jar"/>
    <property name="java.io.tmpdir" value="/tmp"/>
    <property name="line.separator" value="
"/>
    <property name="java.vm.specification.vendor" value="Sun Microsystems Inc."/>
    <property name="os.name" value="Linux"/>
    <property name="sun.jnu.encoding" value="UTF-8"/>
    <property name="java.library.path" value="/home/deer/jdk1.6.0_17/jre/lib/amd64/server:/home/deer/jdk1.6.0_17/jre/lib/amd64:/home/deer/jdk1.6.0_17/jre/../lib/amd64:/usr/java/packages/lib/amd64:/lib:/usr/lib"/>
    <property name="surefire.test.class.path" value="/home/deer/workspace-sts/jtimecalc/target/test-classes:/home/deer/workspace-sts/jtimecalc/target/generated-classes/cobertura:/home/deer/.m2/repository/log4j/log4j/1.2.15/log4j-1.2.15.jar:/home/deer/.m2/repository/javax/mail/mail/1.4/mail-1.4.jar:/home/deer/.m2/repository/javax/activation/activation/1.1/activation-1.1.jar:/home/deer/.m2/repository/javax/jms/jms/1.1/jms-1.1.jar:/home/deer/.m2/repository/com/sun/jdmk/jmxtools/1.2.1/jmxtools-1.2.1.jar:/home/deer/.m2/repository/com/sun/jmx/jmxri/1.2.1/jmxri-1.2.1.jar:/home/deer/.m2/repository/commons-configuration/commons-configuration/1.6/commons-configuration-1.6.jar:/home/deer/.m2/repository/commons-collections/commons-collections/3.2.1/commons-collections-3.2.1.jar:/home/deer/.m2/repository/commons-lang/commons-lang/2.4/commons-lang-2.4.jar:/home/deer/.m2/repository/commons-logging/commons-logging/1.1.1/commons-logging-1.1.1.jar:/home/deer/.m2/repository/commons-digester/commons-digester/1.8/commons-digester-1.8.jar:/home/deer/.m2/repository/commons-beanutils/commons-beanutils/1.7.0/commons-beanutils-1.7.0.jar:/home/deer/.m2/repository/commons-beanutils/commons-beanutils-core/1.8.0/commons-beanutils-core-1.8.0.jar:/home/deer/.m2/repository/junit/junit/4.5/junit-4.5.jar:/home/deer/.m2/repository/cobertura/cobertura/1.7/cobertura-1.7.jar:"/>
    <property name="java.specification.name" value="Java Platform API Specification"/>
    <property name="java.class.version" value="50.0"/>
    <property name="sun.management.compiler" value="HotSpot 64-Bit Server Compiler"/>
    <property name="os.version" value="2.6.31-14-generic"/>
    <property name="user.home" value="/home/deer"/>
    <property name="user.timezone" value="Poland"/>
    <property name="java.awt.printerjob" value="sun.print.PSPrinterJob"/>
    <property name="file.encoding" value="UTF-8"/>
    <property name="java.specification.version" value="1.6"/>
    <property name="user.name" value="deer"/>
    <property name="java.class.path" value="/home/deer/workspace-sts/jtimecalc/target/test-classes:/home/deer/workspace-sts/jtimecalc/target/generated-classes/cobertura:/home/deer/.m2/repository/log4j/log4j/1.2.15/log4j-1.2.15.jar:/home/deer/.m2/repository/javax/mail/mail/1.4/mail-1.4.jar:/home/deer/.m2/repository/javax/activation/activation/1.1/activation-1.1.jar:/home/deer/.m2/repository/javax/jms/jms/1.1/jms-1.1.jar:/home/deer/.m2/repository/com/sun/jdmk/jmxtools/1.2.1/jmxtools-1.2.1.jar:/home/deer/.m2/repository/com/sun/jmx/jmxri/1.2.1/jmxri-1.2.1.jar:/home/deer/.m2/repository/commons-configuration/commons-configuration/1.6/commons-configuration-1.6.jar:/home/deer/.m2/repository/commons-collections/commons-collections/3.2.1/commons-collections-3.2.1.jar:/home/deer/.m2/repository/commons-lang/commons-lang/2.4/commons-lang-2.4.jar:/home/deer/.m2/repository/commons-logging/commons-logging/1.1.1/commons-logging-1.1.1.jar:/home/deer/.m2/repository/commons-digester/commons-digester/1.8/commons-digester-1.8.jar:/home/deer/.m2/repository/commons-beanutils/commons-beanutils/1.7.0/commons-beanutils-1.7.0.jar:/home/deer/.m2/repository/commons-beanutils/commons-beanutils-core/1.8.0/commons-beanutils-core-1.8.0.jar:/home/deer/.m2/repository/junit/junit/4.5/junit-4.5.jar:/home/deer/.m2/repository/cobertura/cobertura/1.7/cobertura-1.7.jar:"/>
    <property name="java.vm.specification.version" value="1.0"/>
    <property name="sun.arch.data.model" value="64"/>
    <property name="java.home" value="/home/deer/jdk1.6.0_17/jre"/>
    <property name="java.specification.vendor" value="Sun Microsystems Inc."/>
    <property name="user.language" value="pl"/>
    <property name="java.vm.info" value="mixed mode"/>
    <property name="java.version" value="1.6.0_17"/>
    <property name="java.ext.dirs" value="/home/deer/jdk1.6.0_17/jre/lib/ext:/usr/java/packages/lib/ext"/>
    <property name="sun.boot.class.path" value="/home/deer/jdk1.6.0_17/jre/lib/resources.jar:/home/deer/jdk1.6.0_17/jre/lib/rt.jar:/home/deer/jdk1.6.0_17/jre/lib/sunrsasign.jar:/home/deer/jdk1.6.0_17/jre/lib/jsse.jar:/home/deer/jdk1.6.0_17/jre/lib/jce.jar:/home/deer/jdk1.6.0_17/jre/lib/charsets.jar:/home/deer/jdk1.6.0_17/jre/classes"/>
    <property name="java.vendor" value="Sun Microsystems Inc."/>
    <property name="localRepository" value="/home/deer/.m2/repository"/>
    <property name="file.separator" value="/"/>
    <property name="java.vendor.url.bug" value="http://java.sun.com/cgi-bin/bugreport.cgi"/>
    <property name="sun.cpu.endian" value="little"/>
    <property name="sun.io.unicode.encoding" value="UnicodeLittle"/>
    <property name="sun.desktop" value="gnome"/>
    <property name="sun.cpu.isalist" value=""/>
  </properties>
  <testcase time="0.288" classname="gbc.jtimecalc.SimpleTest" name="testLanguages"/>
</testsuite>